<?xml version="1.0" encoding="UTF-8"?>
<!-- Generated by org.testng.reporters.JUnitXMLReporter -->
<testsuite hostname="Ultimate-Macbook.local" ignored="8" name="AutomationPractice" tests="5" failures="0" timestamp="2020-12-01T12:02:15 GMT" time="83.187" errors="0">
  <testcase name="automationpracticepage" time="14.814" classname="com.AutomationPractice.TestCases.ShoppingBasket"/>
  <testcase name="automationpracticepage" time="1.75" classname="com.AutomationPractice.TestCases.SummerDresses"/>
  <testcase name="automationpracticepage" time="0.407" classname="com.AutomationPractice.TestCases.PriceRange"/>
  <testcase name="automationpracticepage" time="58.329" classname="com.AutomationPractice.TestCases.CreateAccount"/>
  <testcase name="automationpracticepage" time="5.234" classname="com.AutomationPractice.TestCases.StoresMap"/>
  <testcase name="@BeforeTest initialize" time="0.0" classname="com.AutomationPractice.TestCases.baseClass">
    <ignored/>
  </testcase> <!-- @BeforeTest initialize -->
  <testcase name="@BeforeTest initialize" time="0.0" classname="com.AutomationPractice.TestCases.baseClass">
    <ignored/>
  </testcase> <!-- @BeforeTest initialize -->
  <testcase name="@BeforeTest initialize" time="0.0" classname="com.AutomationPractice.TestCases.baseClass">
    <ignored/>
  </testcase> <!-- @BeforeTest initialize -->
  <testcase name="@BeforeTest initialize" time="0.0" classname="com.AutomationPractice.TestCases.baseClass">
    <ignored/>
  </testcase> <!-- @BeforeTest initialize -->
  <testcase name="@AfterTest TeardownTest" time="0.0" classname="com.AutomationPractice.TestCases.baseClass">
    <ignored/>
  </testcase> <!-- @AfterTest TeardownTest -->
  <testcase name="@AfterTest TeardownTest" time="0.0" classname="com.AutomationPractice.TestCases.baseClass">
    <ignored/>
  </testcase> <!-- @AfterTest TeardownTest -->
  <testcase name="@AfterTest TeardownTest" time="0.0" classname="com.AutomationPractice.TestCases.baseClass">
    <ignored/>
  </testcase> <!-- @AfterTest TeardownTest -->
  <testcase name="@AfterTest TeardownTest" time="0.0" classname="com.AutomationPractice.TestCases.baseClass">
    <ignored/>
  </testcase> <!-- @AfterTest TeardownTest -->
</testsuite> <!-- AutomationPractice -->
